# JRE version: OpenJDK Runtime Environment Temurin-17.0.20.1+1 (17.0.20.1+1) (build 17.0.20.1+1)
# Java VM: OpenJDK 64-Bit Server VM Temurin-17.0.20.1+1 (17.0.20.1+1, mixed mode, sharing, tiered, compressed oops, compressed class ptrs, g1 gc, windows-amd64)
GC Precious Log:
 CPUs: 16 total, 16 available
 Memory: 15772M
 Large Page Support: Disabled
 NUMA Support: Disabled
 Compressed Oops: Enabled (Zero based)
 Heap Region Size: 2M
 Heap Min Capacity: 8M
 Heap Initial Capacity: 248M
 Heap Max Capacity: 3944M
 Pre-touch: Disabled
 Parallel Workers: 13
 Concurrent Workers: 3
 Concurrent Refinement Workers: 13
 Periodic GC: Disabled
Heap:
 garbage-first heap   total 81920K, used 65381K [0x0000000709800000, 0x0000000800000000)
  region size 2048K, 18 young (36864K), 2 survivors (4096K)
 Metaspace       used 80105K, committed 80896K, reserved 1179648K
  class space    used 11083K, committed 11456K, reserved 1048576K
GC Heap History (20 events):
Event: 4.652 GC heap before
{Heap before GC invocations=12 (full 0):
 garbage-first heap   total 81920K, used 43923K [0x0000000709800000, 0x0000000800000000)
  region size 2048K, 12 young (24576K), 2 survivors (4096K)
 Metaspace       used 60022K, committed 60608K, reserved 1114112K
  class space    used 8246K, committed 8576K, reserved 1048576K
}
Event: 4.653 GC heap after
{Heap after GC invocations=13 (full 0):
 garbage-first heap   total 81920K, used 26229K [0x0000000709800000, 0x0000000800000000)
  region size 2048K, 2 young (4096K), 2 survivors (4096K)
 Metaspace       used 60022K, committed 60608K, reserved 1114112K
  class space    used 8246K, committed 8576K, reserved 1048576K
}
Event: 5.198 GC heap before
{Heap before GC invocations=14 (full 0):
 garbage-first heap   total 81920K, used 58997K [0x0000000709800000, 0x0000000800000000)
  region size 2048K, 19 young (38912K), 2 survivors (4096K)
 Metaspace       used 66895K, committed 67584K, reserved 1114112K
  class space    used 9288K, committed 9600K, reserved 1048576K
}
Event: 5.201 GC heap after
{Heap after GC invocations=15 (full 0):
 garbage-first heap   total 81920K, used 28913K [0x0000000709800000, 0x0000000800000000)
  region size 2048K, 3 young (6144K), 3 survivors (6144K)
 Metaspace       used 66895K, committed 67584K, reserved 1114112K
  class space    used 9288K, committed 9600K, reserved 1048576K
}
Event: 6.112 GC heap before
{Heap before GC invocations=15 (full 0):
 garbage-first heap   total 81920K, used 63729K [0x0000000709800000, 0x0000000800000000)
  region size 2048K, 20 young (40960K), 3 survivors (6144K)
 Metaspace       used 72058K, committed 72704K, reserved 1114112K
  class space    used 10045K, committed 10368K, reserved 1048576K
}
Event: 6.119 GC heap after
{Heap after GC invocations=16 (full 0):
 garbage-first heap   total 81920K, used 31734K [0x0000000709800000, 0x0000000800000000)
  region size 2048K, 3 young (6144K), 3 survivors (6144K)
 Metaspace       used 72058K, committed 72704K, reserved 1114112K
  class space    used 10045K, committed 10368K, reserved 1048576K
}
Event: 18.467 GC heap before
{Heap before GC invocations=16 (full 0):
 garbage-first heap   total 81920K, used 64502K [0x0000000709800000, 0x0000000800000000)
  region size 2048K, 19 young (38912K), 3 survivors (6144K)
 Metaspace       used 79032K, committed 79744K, reserved 1179648K
  class space    used 11039K, committed 11392K, reserved 1048576K
}
Event: 18.471 GC heap after
{Heap after GC invocations=17 (full 0):
 garbage-first heap   total 81920K, used 33577K [0x0000000709800000, 0x0000000800000000)
  region size 2048K, 3 young (6144K), 3 survivors (6144K)
 Metaspace       used 79032K, committed 79744K, reserved 1179648K
  class space    used 11039K, committed 11392K, reserved 1048576K
}
Event: 68.763 GC heap before
{Heap before GC invocations=17 (full 0):
 garbage-first heap   total 81920K, used 62249K [0x0000000709800000, 0x0000000800000000)
  region size 2048K, 17 young (34816K), 3 survivors (6144K)
 Metaspace       used 79410K, committed 80192K, reserved 1179648K
  class space    used 11051K, committed 11456K, reserved 1048576K
}
Event: 68.766 GC heap after
{Heap after GC invocations=18 (full 0):
 garbage-first heap   total 81920K, used 33583K [0x0000000709800000, 0x0000000800000000)
  region size 2048K, 1 young (2048K), 1 survivors (2048K)
 Metaspace       used 79410K, committed 80192K, reserved 1179648K
  class space    used 11051K, committed 11456K, reserved 1048576K
}
Event: 674.761 GC heap before
{Heap before GC invocations=18 (full 0):
 garbage-first heap   total 81920K, used 66351K [0x0000000709800000, 0x0000000800000000)
  region size 2048K, 17 young (34816K), 1 survivors (2048K)
 Metaspace       used 79731K, committed 80512K, reserved 1179648K
  class space    used 11055K, committed 11456K, reserved 1048576K
}
Event: 674.763 GC heap after
{Heap after GC invocations=19 (full 0):
 garbage-first heap   total 81920K, used 33807K [0x0000000709800000, 0x0000000800000000)
  region size 2048K, 1 young (2048K), 1 survivors (2048K)
 Metaspace       used 79731K, committed 80512K, reserved 1179648K
  class space    used 11055K, committed 11456K, reserved 1048576K
}
Event: 1334.764 GC heap before
{Heap before GC invocations=19 (full 0):
 garbage-first heap   total 81920K, used 66575K [0x0000000709800000, 0x0000000800000000)
  region size 2048K, 17 young (34816K), 1 survivors (2048K)
 Metaspace       used 79807K, committed 80576K, reserved 1179648K
  class space    used 11055K, committed 11456K, reserved 1048576K
}
Event: 1334.767 GC heap after
{Heap after GC invocations=20 (full 0):
 garbage-first heap   total 81920K, used 33866K [0x0000000709800000, 0x0000000800000000)
  region size 2048K, 1 young (2048K), 1 survivors (2048K)
 Metaspace       used 79807K, committed 80576K, reserved 1179648K
  class space    used 11055K, committed 11456K, reserved 1048576K
}
Event: 1994.775 GC heap before
{Heap before GC invocations=20 (full 0):
 garbage-first heap   total 81920K, used 68682K [0x0000000709800000, 0x0000000800000000)
  region size 2048K, 18 young (36864K), 1 survivors (2048K)
 Metaspace       used 79944K, committed 80704K, reserved 1179648K
  class space    used 11068K, committed 11456K, reserved 1048576K
}
Event: 1994.777 GC heap after
{Heap after GC invocations=21 (full 0):
 garbage-first heap   total 81920K, used 34493K [0x0000000709800000, 0x0000000800000000)
  region size 2048K, 2 young (4096K), 2 survivors (4096K)
 Metaspace       used 79944K, committed 80704K, reserved 1179648K
  class space    used 11068K, committed 11456K, reserved 1048576K
}
Event: 2675.090 GC heap before
{Heap before GC invocations=21 (full 0):
 garbage-first heap   total 81920K, used 67261K [0x0000000709800000, 0x0000000800000000)
  region size 2048K, 18 young (36864K), 2 survivors (4096K)
 Metaspace       used 79995K, committed 80768K, reserved 1179648K
  class space    used 11068K, committed 11456K, reserved 1048576K
}
Event: 2675.093 GC heap after
{Heap after GC invocations=22 (full 0):
 garbage-first heap   total 81920K, used 34436K [0x0000000709800000, 0x0000000800000000)
  region size 2048K, 2 young (4096K), 2 survivors (4096K)
 Metaspace       used 79995K, committed 80768K, reserved 1179648K
  class space    used 11068K, committed 11456K, reserved 1048576K
}
Event: 3314.781 GC heap before
{Heap before GC invocations=22 (full 0):
 garbage-first heap   total 81920K, used 67204K [0x0000000709800000, 0x0000000800000000)
  region size 2048K, 18 young (36864K), 2 survivors (4096K)
 Metaspace       used 80027K, committed 80832K, reserved 1179648K
  class space    used 11068K, committed 11456K, reserved 1048576K
}
Event: 3314.783 GC heap after
{Heap after GC invocations=23 (full 0):
 garbage-first heap   total 81920K, used 34661K [0x0000000709800000, 0x0000000800000000)
  region size 2048K, 2 young (4096K), 2 survivors (4096K)
 Metaspace       used 80027K, committed 80832K, reserved 1179648K
  class space    used 11068K, committed 11456K, reserved 1048576K
}

